<?xml version="1.0" encoding="UTF-8"?>
<testng-results skipped="0" failed="0" ignored="0" total="1" passed="1">
  <reporter-output>
  </reporter-output>
  <suite name="Default suite" duration-ms="2323" started-at="2022-10-14T07:10:30Z" finished-at="2022-10-14T07:10:33Z">
    <groups>
    </groups>
    <test name="Default test" duration-ms="2323" started-at="2022-10-14T07:10:30Z" finished-at="2022-10-14T07:10:33Z">
      <class name="testCases.VideoGameAPITest">
        <test-method status="PASS" signature="test_testVideoGamge()[pri:3, instance:testCases.VideoGameAPITest@48524010]" name="test_testVideoGamge" duration-ms="2264" started-at="2022-10-14T07:10:30Z" finished-at="2022-10-14T07:10:33Z">
          <reporter-output>
          </reporter-output>
        </test-method> <!-- test_testVideoGamge -->
      </class> <!-- testCases.VideoGameAPITest -->
    </test> <!-- Default test -->
  </suite> <!-- Default suite -->
</testng-results>
